[2025-04-27T12:41:19.704Z] GET /rooms/available?date=2025-04-20
[2025-04-27T12:41:23.042Z] GET /bookings/revenue?year=2025&month=4
[2025-04-27T12:57:52.904Z] GET /api-docs/
[2025-04-27T12:57:52.945Z] GET /api-docs/swagger-ui.css
[2025-04-27T12:57:52.947Z] GET /api-docs/swagger-ui-bundle.js
[2025-04-27T12:57:52.950Z] GET /api-docs/swagger-ui-standalone-preset.js
[2025-04-27T12:57:52.951Z] GET /api-docs/swagger-ui-init.js
[2025-04-27T12:57:53.140Z] GET /api-docs/favicon-32x32.png
[2025-04-27T13:02:02.808Z] GET /rooms/getRoomBookings/1
[2025-04-27T13:13:40.766Z] GET /api-docs/
[2025-04-27T13:13:40.816Z] GET /api-docs/swagger-ui.css
[2025-04-27T13:13:40.819Z] GET /api-docs/swagger-ui-bundle.js
[2025-04-27T13:13:40.821Z] GET /api-docs/swagger-ui-standalone-preset.js
[2025-04-27T13:13:40.821Z] GET /api-docs/swagger-ui-init.js
[2025-04-27T13:13:41.037Z] GET /api-docs/favicon-32x32.png
[2025-04-27T13:14:16.617Z] GET /guests/1
[2025-04-27T13:14:26.969Z] GET /rooms/getRoomBookings/1
[2025-04-27T13:14:32.242Z] GET /rooms/getRoomBookings/2
[2025-04-27T13:26:11.020Z] GET /api-docs/
[2025-04-27T13:26:11.060Z] GET /api-docs/swagger-ui.css
[2025-04-27T13:26:11.061Z] GET /api-docs/swagger-ui-bundle.js
[2025-04-27T13:26:11.063Z] GET /api-docs/swagger-ui-standalone-preset.js
[2025-04-27T13:26:11.064Z] GET /api-docs/swagger-ui-init.js
[2025-04-27T13:26:11.273Z] GET /api-docs/favicon-32x32.png
[2025-04-27T13:31:40.285Z] GET /api-docs/
[2025-04-27T13:31:40.329Z] GET /api-docs/swagger-ui.css
[2025-04-27T13:31:40.330Z] GET /api-docs/swagger-ui-bundle.js
[2025-04-27T13:31:40.333Z] GET /api-docs/swagger-ui-standalone-preset.js
[2025-04-27T13:31:40.334Z] GET /api-docs/swagger-ui-init.js
[2025-04-27T13:31:40.440Z] GET /api-docs/favicon-32x32.png
[2025-04-27T13:34:39.330Z] GET /api-docs/
[2025-04-27T13:34:39.380Z] GET /api-docs/swagger-ui.css
[2025-04-27T13:34:39.383Z] GET /api-docs/swagger-ui-bundle.js
[2025-04-27T13:34:39.386Z] GET /api-docs/swagger-ui-standalone-preset.js
[2025-04-27T13:34:39.387Z] GET /api-docs/swagger-ui-init.js
[2025-04-27T13:34:39.532Z] GET /api-docs/favicon-32x32.png
[2025-04-27T13:35:24.822Z] GET /bookings/revenue?year=2025&month=4
[2025-04-27T13:35:30.616Z] GET /bookings/revenue?year=2025&month=3
[2025-04-27T13:35:35.671Z] GET /bookings/revenue?year=2025&month=5
[2025-04-27T13:35:40.801Z] GET /bookings/revenue?year=2025&month=4
[2025-04-27T13:38:39.827Z] POST /guests
[2025-04-27T13:45:22.884Z] POST /guests
