{"level":"info","message":"Запит курсів з балом > 80: [{\"name\":\"Docker Essentials\"},{\"name\":\"TypeScript Advanced\"},{\"name\":\"SQL Basics\"},{\"name\":\"JavaScript Basics\"}]","timestamp":"2025-05-05T19:57:42.155Z"}
{"level":"info","message":"Запит курсів з балом > 98: []","timestamp":"2025-05-05T19:57:55.582Z"}
{"level":"info","message":"Запит курсів з балом > 94: [{\"name\":\"Docker Essentials\"}]","timestamp":"2025-05-05T19:58:03.503Z"}
{"level":"info","message":"Запит: GET /api-docs/","timestamp":"2025-05-05T20:02:56.278Z"}
{"level":"info","message":"Запит: GET /api-docs/swagger-ui.css","timestamp":"2025-05-05T20:02:56.323Z"}
{"level":"info","message":"Запит: GET /api-docs/swagger-ui-bundle.js","timestamp":"2025-05-05T20:02:56.324Z"}
{"level":"info","message":"Запит: GET /api-docs/swagger-ui-standalone-preset.js","timestamp":"2025-05-05T20:02:56.324Z"}
{"level":"info","message":"Запит: GET /api-docs/swagger-ui-init.js","timestamp":"2025-05-05T20:02:56.325Z"}
{"level":"info","message":"Запит: GET /api-docs/favicon-32x32.png","timestamp":"2025-05-05T20:02:56.531Z"}
{"level":"info","message":"Запит: GET /api-docs/","timestamp":"2025-05-05T20:04:45.137Z"}
{"level":"info","message":"Запит: GET /api-docs/swagger-ui.css","timestamp":"2025-05-05T20:04:45.177Z"}
{"level":"info","message":"Запит: GET /api-docs/swagger-ui-bundle.js","timestamp":"2025-05-05T20:04:45.178Z"}
{"level":"info","message":"Запит: GET /api-docs/swagger-ui-standalone-preset.js","timestamp":"2025-05-05T20:04:45.180Z"}
{"level":"info","message":"Запит: GET /api-docs/swagger-ui-init.js","timestamp":"2025-05-05T20:04:45.181Z"}
{"level":"info","message":"Запит: GET /api-docs/favicon-32x32.png","timestamp":"2025-05-05T20:04:45.301Z"}
{"level":"info","message":"Запит: GET /api-docs/","timestamp":"2025-05-05T20:12:36.028Z"}
{"level":"info","message":"Запит: GET /api-docs/swagger-ui.css","timestamp":"2025-05-05T20:12:36.071Z"}
{"level":"info","message":"Запит: GET /api-docs/swagger-ui-bundle.js","timestamp":"2025-05-05T20:12:36.072Z"}
{"level":"info","message":"Запит: GET /api-docs/swagger-ui-standalone-preset.js","timestamp":"2025-05-05T20:12:36.074Z"}
{"level":"info","message":"Запит: GET /api-docs/swagger-ui-init.js","timestamp":"2025-05-05T20:12:36.075Z"}
{"level":"info","message":"Запит: GET /api-docs/favicon-32x32.png","timestamp":"2025-05-05T20:12:36.271Z"}
{"level":"info","message":"Отримано список курсів: [{\"id\":6,\"name\":\"Node.js Fundamentals\"},{\"id\":7,\"name\":\"SQL Basics\"},{\"id\":8,\"name\":\"JavaScript Basics\"},{\"id\":9,\"name\":\"TypeScript Advanced\"},{\"id\":10,\"name\":\"Docker Essentials\"}]","timestamp":"2025-05-05T20:13:22.070Z"}
{"level":"info","message":"Отримано список курсів: [{\"id\":6,\"name\":\"Node.js Fundamentals\"},{\"id\":7,\"name\":\"SQL Basics\"},{\"id\":8,\"name\":\"JavaScript Basics\"},{\"id\":9,\"name\":\"TypeScript Advanced\"},{\"id\":10,\"name\":\"Docker Essentials\"}]","timestamp":"2025-05-09T20:20:53.895Z"}
{"level":"info","message":"Запит: GET /favicon.ico","timestamp":"2025-05-09T20:20:53.935Z"}
{"level":"info","message":"Отримано список курсів: [{\"id\":6,\"name\":\"Node.js Fundamentals\"},{\"id\":7,\"name\":\"SQL Basics\"},{\"id\":8,\"name\":\"JavaScript Basics\"},{\"id\":9,\"name\":\"TypeScript Advanced\"},{\"id\":10,\"name\":\"Docker Essentials\"}]","timestamp":"2025-05-09T20:20:56.234Z"}
{"level":"info","message":"Запит: GET /api/","timestamp":"2025-05-09T20:21:02.845Z"}
{"level":"info","message":"Отримано список студентів: [{\"id\":5,\"name\":\"Vasyl Kisyl\"},{\"id\":6,\"name\":\"Natalka Poltavka\"},{\"id\":7,\"name\":\"Petro Mohyla\"},{\"id\":8,\"name\":\"Lesia Ukrainka\"}]","timestamp":"2025-05-09T20:21:20.854Z"}
{"level":"info","message":"Топ-студент: {\"id\":8,\"name\":\"Lesia Ukrainka\",\"avg_grade\":\"96.0000000000000000\"}","timestamp":"2025-05-09T20:21:37.836Z"}
{"level":"info","message":"Середні оцінки студентів: [{\"id\":5,\"name\":\"Vasyl Kisyl\",\"avg_grade\":\"89.6666666666666667\"},{\"id\":6,\"name\":\"Natalka Poltavka\",\"avg_grade\":\"89.3333333333333333\"},{\"id\":7,\"name\":\"Petro Mohyla\",\"avg_grade\":\"89.0000000000000000\"},{\"id\":8,\"name\":\"Lesia Ukrainka\",\"avg_grade\":\"96.0000000000000000\"}]","timestamp":"2025-05-09T20:21:58.208Z"}
